<?xml version="1.0" encoding="UTF-8"?>
<!-- Generated by org.testng.reporters.JUnitReportReporter -->
<testsuite hostname="Aruna" failures="0" tests="5" name="com.RestAssured.Day1.CRUD_Requests" time="4.006" errors="0" timestamp="2025-03-26T12:47:05 IST" skipped="0">
  <testcase classname="com.RestAssured.Day1.CRUD_Requests" name="Get_Single_user" time="1.815"/>
  <testcase classname="com.RestAssured.Day1.CRUD_Requests" name="datavalidation" time="0.632"/>
  <testcase classname="com.RestAssured.Day1.CRUD_Requests" name="create_user" time="0.730"/>
  <testcase classname="com.RestAssured.Day1.CRUD_Requests" name="update_user" time="0.426"/>
  <testcase classname="com.RestAssured.Day1.CRUD_Requests" name="delete_user" time="0.403"/>
</testsuite> <!-- com.RestAssured.Day1.CRUD_Requests -->
